<?xml version="1.0" encoding="UTF-8"?>
<testsuite xmlns:xsi="http://www.w3.org/2001/XMLSchema-instance" xsi:schemaLocation="https://maven.apache.org/surefire/maven-surefire-plugin/xsd/surefire-test-report.xsd" name="TestSuite" time="18.067" tests="11" errors="0" skipped="0" failures="3">
  <properties>
[...]
</properties>
  <testcase name="getEmployee" classname="com.dummy.milestone_1.TC_CRUD" time="2.37"/>
  <testcase name="getsingleEmployee" classname="com.dummy.milestone_1.TC_CRUD" time="1.874">
    <failure message="expected [200] but found [400]" type="java.lang.AssertionError">java.lang.AssertionError: expected [200] but found [400]
	at com.dummy.milestone_1.TC_CRUD.getsingleEmployee(TC_CRUD.java:98)
</failure>
    <system-out><![CDATA[2020-07-07 15:22:57 INFO  TestListener:40 - I am in onTestStart method getsingleEmployee start
{"status":"failed","message":"Oops! someting issue found to fetch record."}
2020-07-07 15:22:58 INFO  TestListener:55 - I am in onTestFailure method getsingleEmployee failed
]]></system-out>
  </testcase>
  <testcase name="addCreate" classname="com.dummy.milestone_1.TC_CRUD" time="1.522"/>
  <testcase name="addCreate" classname="com.dummy.milestone_1.TC_CRUD" time="1.131"/>
  <testcase name="addCreate" classname="com.dummy.milestone_1.TC_CRUD" time="1.249"/>
  <testcase name="addCreate" classname="com.dummy.milestone_1.TC_CRUD" time="1.036"/>
  <testcase name="addCreate" classname="com.dummy.milestone_1.TC_CRUD" time="1"/>
  <testcase name="addCreate" classname="com.dummy.milestone_1.TC_CRUD" time="0.961"/>
  <testcase name="updateEmployee" classname="com.dummy.milestone_1.TC_CRUD" time="1.017">
    <failure message="Not expected a null object expected object to not be null" type="java.lang.AssertionError">java.lang.AssertionError: Not expected a null object expected object to not be null
	at com.dummy.milestone_1.TC_CRUD.updateEmployee(TC_CRUD.java:123)
</failure>
    <system-out><![CDATA[2020-07-07 15:23:07 INFO  TestListener:40 - I am in onTestStart method updateEmployee start
{"status":"success","data":null}
2020-07-07 15:23:08 INFO  TestListener:55 - I am in onTestFailure method updateEmployee failed
]]></system-out>
  </testcase>
  <testcase name="deleteEmployee" classname="com.dummy.milestone_1.TC_CRUD" time="0.912">
    <failure message="expected [success] but found [failed]" type="java.lang.AssertionError">java.lang.AssertionError: expected [success] but found [failed]
	at com.dummy.milestone_1.TC_CRUD.deleteEmployee(TC_CRUD.java:140)
</failure>
    <system-out><![CDATA[2020-07-07 15:23:08 INFO  TestListener:40 - I am in onTestStart method deleteEmployee start
{"status":"failed","message":"Error! Not able to delete record"}
2020-07-07 15:23:09 INFO  TestListener:55 - I am in onTestFailure method deleteEmployee failed
]]></system-out>
  </testcase>
  <testcase name="report" classname="generic.utils.openReport" time="0.004"/>
</testsuite>