<?xml version="1.0" encoding="UTF-8"?>
<testsuite xmlns:xsi="http://www.w3.org/2001/XMLSchema-instance" xsi:schemaLocation="https://maven.apache.org/surefire/maven-surefire-plugin/xsd/surefire-test-report.xsd" name="TestSuite" time="18.067" tests="11" errors="0" skipped="0" failures="3">
  <properties>
    <property name="java.runtime.name" value="Java(TM) SE Runtime Environment"/>
    <property name="sun.boot.library.path" value="C:\Program Files\Java\jdk1.8.0_201\jre\bin"/>
    <property name="java.vm.version" value="25.201-b09"/>
    <property name="java.vm.vendor" value="Oracle Corporation"/>
    <property name="maven.multiModuleProjectDirectory" value="E:\Thumbsign\restful_service"/>
    <property name="java.vendor.url" value="http://java.oracle.com/"/>
    <property name="path.separator" value=";"/>
    <property name="guice.disable.misplaced.annotation.check" value="true"/>
    <property name="java.vm.name" value="Java HotSpot(TM) 64-Bit Server VM"/>
    <property name="file.encoding.pkg" value="sun.io"/>
    <property name="user.script" value=""/>
    <property name="user.country" value="IN"/>
    <property name="sun.java.launcher" value="SUN_STANDARD"/>
    <property name="sun.os.patch.level" value=""/>
    <property name="java.vm.specification.name" value="Java Virtual Machine Specification"/>
    <property name="user.dir" value="E:\Thumbsign\restful_service"/>
    <property name="java.runtime.version" value="1.8.0_201-b09"/>
    <property name="java.awt.graphicsenv" value="sun.awt.Win32GraphicsEnvironment"/>
    <property name="java.endorsed.dirs" value="C:\Program Files\Java\jdk1.8.0_201\jre\lib\endorsed"/>
    <property name="os.arch" value="amd64"/>
    <property name="java.io.tmpdir" value="C:\Users\madhan\AppData\Local\Temp\"/>
    <property name="line.separator" value="&#10;"/>
    <property name="java.vm.specification.vendor" value="Oracle Corporation"/>
    <property name="user.variant" value=""/>
    <property name="os.name" value="Windows 10"/>
    <property name="classworlds.conf" value="C:\Users\madhan\Downloads\apache-maven-3.6.0-bin\apache-maven-3.6.0\bin\..\bin\m2.conf"/>
    <property name="sun.jnu.encoding" value="Cp1252"/>
    <property name="java.library.path" value="C:\Program Files\Java\jdk1.8.0_201\bin;C:\WINDOWS\Sun\Java\bin;C:\WINDOWS\system32;C:\WINDOWS;C:\Program Files (x86)\Common Files\Oracle\Java\javapath;C:\WINDOWS\system32;C:\WINDOWS;C:\WINDOWS\System32\Wbem;C:\WINDOWS\System32\WindowsPowerShell\v1.0\;C:\WINDOWS\System32\OpenSSH\;C:\Program Files\Java\jdk1.8.0_201\bin;C:\Users\madhan\Downloads\apache-maven-3.6.0-bin\apache-maven-3.6.0\bin;C:\Program Files\Git\cmd;C:\Users\madhan\AppData\Local\Android\Sdk\tools;C:\Users\madhan\AppData\Local\Android\Sdk\platform-tools;C:\Program Files\nodejs\;C:\Program Files\nodejs\node_modules\npm\bin;E:\sonarqube-7.6\sonarqube-7.6\bin;E:\sonar-runner-dist-2.4\sonar-runner-2.4\bin;E:\gradle-5.3\bin;E:\Grid;C:\Users\madhan\Documents\allure-commandline-2.8.0\allure-2.8.0\bin;C:\Users\madhan\AppData\Local\Programs\Python\Python37-32\Scripts;C:\Program Files\dotnet\;C:\Program Files\PuTTY\;C:\Program Files\MySQL\MySQL Shell 8.0\bin\;C:\RailsInstaller\Git\cmd;C:\RailsInstaller\Ruby2.3.3\bin;C:\Users\madhan\AppData\Local\Programs\Python\Python37-32\Scripts\;C:\Users\madhan\AppData\Local\Programs\Python\Python37-32\;C:\Users\madhan\AppData\Local\Microsoft\WindowsApps;;C:\Program Files\JetBrains\IntelliJ IDEA Community Edition 2018.3.4\bin;;C:\Users\madhan\AppData\Roaming\npm;C:\Users\madhan\AppData\Local\Programs\Microsoft VS Code\bin;."/>
    <property name="maven.conf" value="C:\Users\madhan\Downloads\apache-maven-3.6.0-bin\apache-maven-3.6.0\bin\../conf"/>
    <property name="java.specification.name" value="Java Platform API Specification"/>
    <property name="java.class.version" value="52.0"/>
    <property name="sun.management.compiler" value="HotSpot 64-Bit Tiered Compilers"/>
    <property name="os.version" value="10.0"/>
    <property name="library.jansi.path" value="C:\Users\madhan\Downloads\apache-maven-3.6.0-bin\apache-maven-3.6.0\bin\..\lib\jansi-native"/>
    <property name="user.home" value="C:\Users\madhan"/>
    <property name="user.timezone" value="Asia/Calcutta"/>
    <property name="java.awt.printerjob" value="sun.awt.windows.WPrinterJob"/>
    <property name="java.specification.version" value="1.8"/>
    <property name="file.encoding" value="Cp1252"/>
    <property name="user.name" value="madhan"/>
    <property name="java.class.path" value="C:\Users\madhan\Downloads\apache-maven-3.6.0-bin\apache-maven-3.6.0\bin\..\boot\plexus-classworlds-2.5.2.jar"/>
    <property name="java.vm.specification.version" value="1.8"/>
    <property name="sun.arch.data.model" value="64"/>
    <property name="java.home" value="C:\Program Files\Java\jdk1.8.0_201\jre"/>
    <property name="sun.java.command" value="org.codehaus.plexus.classworlds.launcher.Launcher test"/>
    <property name="java.specification.vendor" value="Oracle Corporation"/>
    <property name="user.language" value="en"/>
    <property name="awt.toolkit" value="sun.awt.windows.WToolkit"/>
    <property name="java.vm.info" value="mixed mode"/>
    <property name="java.version" value="1.8.0_201"/>
    <property name="java.ext.dirs" value="C:\Program Files\Java\jdk1.8.0_201\jre\lib\ext;C:\WINDOWS\Sun\Java\lib\ext"/>
    <property name="sun.boot.class.path" value="C:\Program Files\Java\jdk1.8.0_201\jre\lib\resources.jar;C:\Program Files\Java\jdk1.8.0_201\jre\lib\rt.jar;C:\Program Files\Java\jdk1.8.0_201\jre\lib\sunrsasign.jar;C:\Program Files\Java\jdk1.8.0_201\jre\lib\jsse.jar;C:\Program Files\Java\jdk1.8.0_201\jre\lib\jce.jar;C:\Program Files\Java\jdk1.8.0_201\jre\lib\charsets.jar;C:\Program Files\Java\jdk1.8.0_201\jre\lib\jfr.jar;C:\Program Files\Java\jdk1.8.0_201\jre\classes"/>
    <property name="sun.stderr.encoding" value="cp850"/>
    <property name="java.vendor" value="Oracle Corporation"/>
    <property name="maven.home" value="C:\Users\madhan\Downloads\apache-maven-3.6.0-bin\apache-maven-3.6.0\bin\.."/>
    <property name="file.separator" value="\"/>
    <property name="java.vendor.url.bug" value="http://bugreport.sun.com/bugreport/"/>
    <property name="sun.cpu.endian" value="little"/>
    <property name="sun.io.unicode.encoding" value="UnicodeLittle"/>
    <property name="sun.stdout.encoding" value="cp850"/>
    <property name="sun.desktop" value="windows"/>
    <property name="sun.cpu.isalist" value="amd64"/>
  </properties>
  <testcase name="getEmployee" classname="com.dummy.milestone_1.TC_CRUD" time="2.37"/>
  <testcase name="getsingleEmployee" classname="com.dummy.milestone_1.TC_CRUD" time="1.874">
    <failure message="expected [200] but found [400]" type="java.lang.AssertionError">java.lang.AssertionError: expected [200] but found [400]
	at com.dummy.milestone_1.TC_CRUD.getsingleEmployee(TC_CRUD.java:98)
</failure>
    <system-out><![CDATA[2020-07-07 15:22:57 INFO  TestListener:40 - I am in onTestStart method getsingleEmployee start
{"status":"failed","message":"Oops! someting issue found to fetch record."}
2020-07-07 15:22:58 INFO  TestListener:55 - I am in onTestFailure method getsingleEmployee failed
]]></system-out>
  </testcase>
  <testcase name="addCreate" classname="com.dummy.milestone_1.TC_CRUD" time="1.522"/>
  <testcase name="addCreate" classname="com.dummy.milestone_1.TC_CRUD" time="1.131"/>
  <testcase name="addCreate" classname="com.dummy.milestone_1.TC_CRUD" time="1.249"/>
  <testcase name="addCreate" classname="com.dummy.milestone_1.TC_CRUD" time="1.036"/>
  <testcase name="addCreate" classname="com.dummy.milestone_1.TC_CRUD" time="1"/>
  <testcase name="addCreate" classname="com.dummy.milestone_1.TC_CRUD" time="0.961"/>
  <testcase name="updateEmployee" classname="com.dummy.milestone_1.TC_CRUD" time="1.017">
    <failure message="Not expected a null object expected object to not be null" type="java.lang.AssertionError">java.lang.AssertionError: Not expected a null object expected object to not be null
	at com.dummy.milestone_1.TC_CRUD.updateEmployee(TC_CRUD.java:123)
</failure>
    <system-out><![CDATA[2020-07-07 15:23:07 INFO  TestListener:40 - I am in onTestStart method updateEmployee start
{"status":"success","data":null}
2020-07-07 15:23:08 INFO  TestListener:55 - I am in onTestFailure method updateEmployee failed
]]></system-out>
  </testcase>
  <testcase name="deleteEmployee" classname="com.dummy.milestone_1.TC_CRUD" time="0.912">
    <failure message="expected [success] but found [failed]" type="java.lang.AssertionError">java.lang.AssertionError: expected [success] but found [failed]
	at com.dummy.milestone_1.TC_CRUD.deleteEmployee(TC_CRUD.java:140)
</failure>
    <system-out><![CDATA[2020-07-07 15:23:08 INFO  TestListener:40 - I am in onTestStart method deleteEmployee start
{"status":"failed","message":"Error! Not able to delete record"}
2020-07-07 15:23:09 INFO  TestListener:55 - I am in onTestFailure method deleteEmployee failed
]]></system-out>
  </testcase>
  <testcase name="report" classname="generic.utils.openReport" time="0.004"/>
</testsuite>