<?xml version="1.0" encoding="UTF-8"?>
<!-- Generated by org.testng.reporters.JUnitXMLReporter -->
<testsuite hostname="IMCHLT093" ignored="0" name="Employee Management" tests="10" failures="3" timestamp="07 Jul 2020 09:53:09 GMT" time="14.238" errors="0">
  <testcase name="getEmployee" time="2.355" classname="com.dummy.milestone_1.TC_CRUD"/>
  <testcase name="getsingleEmployee" time="1.0" classname="com.dummy.milestone_1.TC_CRUD">
    <failure type="java.lang.AssertionError" message="expected [200] but found [400]">
      <![CDATA[java.lang.AssertionError: expected [200] but found [400]
at com.dummy.milestone_1.TC_CRUD.getsingleEmployee(TC_CRUD.java:98)
... Removed 34 stack frames]]>
    </failure>
  </testcase> <!-- getsingleEmployee -->
  <testcase name="addCreate" time="1.519" classname="com.dummy.milestone_1.TC_CRUD"/>
  <testcase name="addCreate" time="1.126" classname="com.dummy.milestone_1.TC_CRUD"/>
  <testcase name="addCreate" time="1.262" classname="com.dummy.milestone_1.TC_CRUD"/>
  <testcase name="addCreate" time="1.036" classname="com.dummy.milestone_1.TC_CRUD"/>
  <testcase name="addCreate" time="1.004" classname="com.dummy.milestone_1.TC_CRUD"/>
  <testcase name="addCreate" time="0.962" classname="com.dummy.milestone_1.TC_CRUD"/>
  <testcase name="updateEmployee" time="1.029" classname="com.dummy.milestone_1.TC_CRUD">
    <failure type="java.lang.AssertionError" message="Not expected a null object expected object to not be null">
      <![CDATA[java.lang.AssertionError: Not expected a null object expected object to not be null
at com.dummy.milestone_1.TC_CRUD.updateEmployee(TC_CRUD.java:123)
... Removed 30 stack frames]]>
    </failure>
  </testcase> <!-- updateEmployee -->
  <testcase name="deleteEmployee" time="0.913" classname="com.dummy.milestone_1.TC_CRUD">
    <failure type="java.lang.AssertionError" message="expected [success] but found [failed]">
      <![CDATA[java.lang.AssertionError: expected [success] but found [failed]
at com.dummy.milestone_1.TC_CRUD.deleteEmployee(TC_CRUD.java:140)
... Removed 34 stack frames]]>
    </failure>
  </testcase> <!-- deleteEmployee -->
</testsuite> <!-- Employee Management -->
